<?xml version="1.0" encoding="UTF-8"?>
<!-- Generated by org.testng.reporters.JUnitXMLReporter -->
<testsuite ignored="0" hostname="LAPTOP-GD8OFTRP" failures="0" tests="1" name="Test-2" time="7.935" errors="0" timestamp="2023-05-30T14:54:42 IST">
  <testcase classname="Test.java_test_script" name="titlecheck" time="7.72"/>
</testsuite> <!-- Test-2 -->
