<?xml version="1.0" encoding="UTF-8"?>
<!-- Generated by org.testng.reporters.JUnitXMLReporter -->
<testsuite ignored="0" hostname="LAPTOP-GD8OFTRP" failures="0" tests="1" name="Test-2" time="16.627" errors="0" timestamp="2023-05-29T16:22:42 IST">
  <testcase classname="Test.java_test_script" name="titlecheck" time="16.384"/>
</testsuite> <!-- Test-2 -->
