<?xml version="1.0" encoding="UTF-8"?>
<!-- Generated by org.testng.reporters.JUnitXMLReporter -->
<testsuite ignored="0" hostname="LAPTOP-GD8OFTRP" failures="0" tests="1" name="Test-0" time="10.281" errors="0" timestamp="2023-05-30T17:00:20 IST">
  <testcase classname="Test.java_test_script" name="titlecheck" time="8.876"/>
</testsuite> <!-- Test-0 -->
