<?xml version="1.0" encoding="UTF-8"?>
<!-- Generated by org.testng.reporters.JUnitReportReporter -->
<testsuite hostname="LAPTOP-GD8OFTRP" failures="0" tests="3" name="Test.java_test_script" time="40.031" errors="0" timestamp="2023-05-30T17:00:32 IST" skipped="0">
  <testcase classname="Test.java_test_script" name="titlecheck" time="8.876"/>
  <testcase classname="Test.java_test_script" name="titlecheck" time="11.018"/>
  <testcase classname="Test.java_test_script" name="titlecheck" time="20.137"/>
</testsuite> <!-- Test.java_test_script -->
