<?xml version="1.0" encoding="UTF-8"?>
<!-- Generated by org.testng.reporters.JUnitReportReporter -->
<testsuite hostname="LAPTOP-GD8OFTRP" failures="0" tests="3" name="Test.java_test_script" time="34.315" errors="0" timestamp="2023-05-30T14:54:54 IST" skipped="0">
  <testcase classname="Test.java_test_script" name="titlecheck" time="8.863"/>
  <testcase classname="Test.java_test_script" name="titlecheck" time="7.720"/>
  <testcase classname="Test.java_test_script" name="titlecheck" time="17.732"/>
</testsuite> <!-- Test.java_test_script -->
