<?xml version="1.0" encoding="UTF-8"?>
<!-- Generated by org.testng.reporters.JUnitReportReporter -->
<testsuite hostname="LAPTOP-GD8OFTRP" failures="0" tests="3" name="Test.java_test_script" time="52.291" errors="0" timestamp="2023-05-29T16:22:46 IST" skipped="0">
  <testcase classname="Test.java_test_script" name="titlecheck" time="16.384"/>
  <testcase classname="Test.java_test_script" name="titlecheck" time="17.215"/>
  <testcase classname="Test.java_test_script" name="titlecheck" time="18.692"/>
</testsuite> <!-- Test.java_test_script -->
